<?xml version="1.0" encoding="UTF-8"?>
<!-- Generated by org.testng.reporters.JUnitReportReporter -->
<testsuite hostname="Elitebook" failures="0" tests="2" name="com.qacart.todo.testcases.TodoTest" time="14.204" errors="0" timestamp="2022-11-15T12:34:14 MEZ" skipped="0">
  <testcase classname="com.qacart.todo.testcases.TodoTest" name="shouldBeAbleToDeleteTodo" time="5.485"/>
  <system-out/>
  <testcase classname="com.qacart.todo.testcases.TodoTest" name="shouldBeAbleToAddNewTodo" time="8.719"/>
  <system-out/>
</testsuite> <!-- com.qacart.todo.testcases.TodoTest -->
