<?xml version="1.0" encoding="UTF-8"?>
<!-- Generated by org.testng.reporters.JUnitReportReporter -->
<testsuite hostname="Elitebook" failures="0" tests="1" name="com.qacart.todo.testcases.LoginTest" time="17.438" errors="0" timestamp="2022-11-15T14:20:36 MEZ" skipped="0">
  <testcase classname="com.qacart.todo.testcases.LoginTest" name="ShouldBeAbleToLoginWithEmailAndPassword" time="17.438"/>
  <system-out/>
</testsuite> <!-- com.qacart.todo.testcases.LoginTest -->
