<?xml version="1.0" encoding="UTF-8"?>
<!-- Generated by org.testng.reporters.JUnitReportReporter -->
<testsuite hostname="Elitebook" failures="0" tests="1" name="com.qacart.todo.testcases.LoginTest" time="27.857" errors="0" timestamp="2022-11-19T14:08:20 MEZ" skipped="0">
  <testcase classname="com.qacart.todo.testcases.LoginTest" name="shouldBeAbleToLoginWithEmailAndPassword" time="27.857"/>
  <system-out/>
</testsuite> <!-- com.qacart.todo.testcases.LoginTest -->
