<?xml version="1.0" encoding="UTF-8"?>
<!-- Generated by org.testng.reporters.JUnitReportReporter -->
<testsuite hostname="Elitebook" failures="0" tests="2" name="com.qacart.todo.testcases.TodoTest" time="3.889" errors="0" timestamp="2022-10-27T15:07:04 MESZ" skipped="1">
  <testcase classname="com.qacart.todo.testcases.TodoTest" name="shouldBeAbleToAddNewTodo" time="3.889"/>
  <system-out/>
  <testcase classname="com.qacart.todo.testcases.TodoTest" name="shouldBeAbleToDeleteTodo">
    <skipped/>
  </testcase> <!-- shouldBeAbleToDeleteTodo -->
  <system-out/>
</testsuite> <!-- com.qacart.todo.testcases.TodoTest -->
