<?xml version="1.0" encoding="UTF-8"?>
<!-- Generated by org.testng.reporters.JUnitReportReporter -->
<testsuite hostname="Elitebook" failures="0" tests="1" name="com.qacart.todo.testcases.LoginTest" time="9.605" errors="0" timestamp="2022-11-15T12:34:14 MEZ" skipped="0">
  <testcase classname="com.qacart.todo.testcases.LoginTest" name="ShouldBeAbleToLoginWithEmailAndPassword" time="9.605"/>
  <system-out/>
</testsuite> <!-- com.qacart.todo.testcases.LoginTest -->
