<?xml version="1.0" encoding="UTF-8"?>
<!-- Generated by org.testng.reporters.JUnitReportReporter -->
<testsuite hostname="Elitebook" failures="0" tests="2" name="com.qacart.todo.testcases.TodoTest" time="24.625" errors="0" timestamp="2022-11-15T13:13:18 MEZ" skipped="0">
  <testcase classname="com.qacart.todo.testcases.TodoTest" name="shouldBeAbleToDeleteTodo" time="12.406"/>
  <system-out/>
  <testcase classname="com.qacart.todo.testcases.TodoTest" name="shouldBeAbleToAddNewTodo" time="12.219"/>
  <system-out/>
</testsuite> <!-- com.qacart.todo.testcases.TodoTest -->
