<?xml version="1.0" encoding="UTF-8"?>
<!-- Generated by org.testng.reporters.JUnitReportReporter -->
<testsuite hostname="Elitebook" failures="0" tests="1" name="com.qacart.todo.testcases.LoginTest" time="20.711" errors="0" timestamp="2022-11-19T13:04:44 MEZ" skipped="0">
  <testcase classname="com.qacart.todo.testcases.LoginTest" name="ShouldBeAbleToLoginWithEmailAndPassword" time="20.711"/>
  <system-out/>
</testsuite> <!-- com.qacart.todo.testcases.LoginTest -->
