<?xml version="1.0" encoding="UTF-8"?>
<!-- Generated by org.testng.reporters.JUnitReportReporter -->
<testsuite hostname="Elitebook" failures="0" tests="2" name="com.qacart.todo.testcases.TodoTest" time="47.853" errors="0" timestamp="2022-11-19T13:04:44 MEZ" skipped="0">
  <testcase classname="com.qacart.todo.testcases.TodoTest" name="shouldBeAbleToDeleteTodo" time="21.061"/>
  <system-out/>
  <testcase classname="com.qacart.todo.testcases.TodoTest" name="shouldBeAbleToAddNewTodo" time="26.792"/>
  <system-out/>
</testsuite> <!-- com.qacart.todo.testcases.TodoTest -->
