<?xml version="1.0" encoding="UTF-8"?>
<!-- Generated by org.testng.reporters.JUnitReportReporter -->
<testsuite hostname="Elitebook" failures="0" tests="1" name="com.qacart.todo.testcases.LoginTest" time="6.884" errors="0" timestamp="2022-10-27T15:07:04 MESZ" skipped="0">
  <testcase classname="com.qacart.todo.testcases.LoginTest" name="ShouldBeAbleToLoginWithEmailAndPassword" time="6.884"/>
  <system-out/>
</testsuite> <!-- com.qacart.todo.testcases.LoginTest -->
