<?xml version="1.0" encoding="UTF-8"?>
<!-- Generated by org.testng.reporters.JUnitReportReporter -->
<testsuite hostname="Elitebook" failures="0" tests="1" name="com.qacart.todo.testcases.LoginTest" time="12.406" errors="0" timestamp="2022-10-20T15:50:43 MESZ" skipped="0">
  <testcase classname="com.qacart.todo.testcases.LoginTest" name="ShouldBeAbleToLoginWithEmailAndPassword" time="12.406"/>
  <system-out/>
</testsuite> <!-- com.qacart.todo.testcases.LoginTest -->
