<?xml version="1.0" encoding="UTF-8"?>
<!-- Generated by org.testng.reporters.JUnitReportReporter -->
<testsuite hostname="Elitebook" failures="0" tests="1" name="com.qacart.todo.testcases.LoginTest" time="11.006" errors="0" timestamp="2022-10-24T18:56:47 MESZ" skipped="0">
  <testcase classname="com.qacart.todo.testcases.LoginTest" name="ShouldBeAbleToLoginWithEmailAndPassword" time="11.006"/>
  <system-out/>
</testsuite> <!-- com.qacart.todo.testcases.LoginTest -->
